<?xml version="1.0" encoding="UTF-8"?>
<!-- Generated by org.testng.reporters.JUnitReportReporter -->
<testsuite skipped="0" hostname="DESKTOP-76P6NKA" name="APICollection.API_PostRequest" tests="1" failures="0" timestamp="2020-09-13T17:56:58 BDT" time="3.820" errors="0">
  <testcase name="PostRequestTest" time="3.820" classname="APICollection.API_PostRequest"/>
  <system-out/>
</testsuite> <!-- APICollection.API_PostRequest -->
