<?xml version="1.0" encoding="UTF-8"?>
<!-- Generated by org.testng.reporters.JUnitReportReporter -->
<testsuite skipped="0" hostname="DESKTOP-76P6NKA" name="APICollection.API_DelRequest" tests="1" failures="0" timestamp="2020-09-13T18:31:40 BDT" time="4.150" errors="0">
  <testcase name="PutRequestTest" time="4.150" classname="APICollection.API_DelRequest"/>
  <system-out/>
</testsuite> <!-- APICollection.API_DelRequest -->
