<?xml version="1.0" encoding="UTF-8"?>
<!-- Generated by org.testng.reporters.JUnitReportReporter -->
<testsuite skipped="1" hostname="DESKTOP-76P6NKA" name="Utils.DataDrivenPostRequest" tests="1" failures="0" timestamp="2020-09-14T15:55:18 BDT" time="0.000" errors="0">
  <testcase name="PostRequestTest" time="0.000" classname="Utils.DataDrivenPostRequest">
    <skipped/>
  </testcase> <!-- PostRequestTest -->
  <system-out/>
</testsuite> <!-- Utils.DataDrivenPostRequest -->
