<?xml version="1.0" encoding="UTF-8"?>
<!-- Generated by org.testng.reporters.JUnitReportReporter -->
<testsuite skipped="0" hostname="DESKTOP-76P6NKA" name="APICollection.API_GetRequest" tests="1" failures="0" timestamp="2020-09-13T17:32:08 BDT" time="5.960" errors="0">
  <testcase name="GetRequestTest_SetVariable" time="5.960" classname="APICollection.API_GetRequest"/>
  <system-out/>
</testsuite> <!-- APICollection.API_GetRequest -->
