<?xml version="1.0" encoding="UTF-8"?>
<!-- Generated by org.testng.reporters.JUnitReportReporter -->
<testsuite skipped="0" hostname="DESKTOP-76P6NKA" name="DataDrivenAPICollection.DataDrivenPostRequest" tests="2" failures="0" timestamp="2020-09-14T16:38:28 BDT" time="5.994" errors="0">
  <testcase name="PostRequestTest" time="1.519" classname="DataDrivenAPICollection.DataDrivenPostRequest"/>
  <system-out/>
  <testcase name="PostRequestTest" time="4.475" classname="DataDrivenAPICollection.DataDrivenPostRequest"/>
  <system-out/>
</testsuite> <!-- DataDrivenAPICollection.DataDrivenPostRequest -->
