<?xml version="1.0" encoding="UTF-8"?>
<!-- Generated by org.testng.reporters.JUnitReportReporter -->
<testsuite skipped="0" hostname="DESKTOP-76P6NKA" name="APICollection.API_PutRequest" tests="1" failures="0" timestamp="2020-09-13T18:25:37 BDT" time="4.086" errors="0">
  <testcase name="PutRequestTest" time="4.086" classname="APICollection.API_PutRequest"/>
  <system-out/>
</testsuite> <!-- APICollection.API_PutRequest -->
